<?xml version="1.0" encoding="UTF-8" ?>
<testsuites>
  <testsuite errors="0" failures="0" hostname="hida" id="0" name="DynamicTableReportSpec" package="com.hida.report" tests="1" time="3.469" timestamp="2015-03-25T23:18:44">
      <properties />

      <testcase classname="com.hida.report.DynamicTableReportSpec" name="test something" time="3.468" />

      <system-out><![CDATA[--Output from test something--
]]></system-out>

      <system-err><![CDATA[--Output from test something--
]]></system-err>

  </testsuite>
</testsuites>
